# JRE version: Java(TM) SE Runtime Environment (7.0_60-b19) (build 1.7.0_60-b19)
# Java VM: Java HotSpot(TM) 64-Bit Server VM (24.60-b09 mixed mode linux-amd64 compressed oops)
Heap
 PSYoungGen      total 345600K, used 191320K [0x00000000dea00000, 0x00000000f5700000, 0x0000000100000000)
  eden space 325120K, 52% used [0x00000000dea00000,0x00000000e91c8118,0x00000000f2780000)
  from space 20480K, 95% used [0x00000000f3e00000,0x00000000f510e238,0x00000000f5200000)
  to   space 23040K, 0% used [0x00000000f2780000,0x00000000f2780000,0x00000000f3e00000)
 ParOldGen       total 68096K, used 22626K [0x000000009be00000, 0x00000000a0080000, 0x00000000dea00000)
  object space 68096K, 33% used [0x000000009be00000,0x000000009d4188e0,0x00000000a0080000)
 PSPermGen       total 59392K, used 59064K [0x0000000096c00000, 0x000000009a600000, 0x000000009be00000)
  object space 59392K, 99% used [0x0000000096c00000,0x000000009a5ae268,0x000000009a600000)
GC Heap History (10 events):
Event: 2.808 GC heap before
{Heap before GC invocations=6 (full 0):
 PSYoungGen      total 56320K, used 56303K [0x00000000dea00000, 0x00000000e6100000, 0x0000000100000000)
  eden space 52224K, 100% used [0x00000000dea00000,0x00000000e1d00000,0x00000000e1d00000)
  from space 4096K, 99% used [0x00000000e1d00000,0x00000000e20fbfa8,0x00000000e2100000)
  to   space 8704K, 0% used [0x00000000e5880000,0x00000000e5880000,0x00000000e6100000)
 ParOldGen       total 68096K, used 5978K [0x000000009be00000, 0x00000000a0080000, 0x00000000dea00000)
  object space 68096K, 8% used [0x000000009be00000,0x000000009c3d6958,0x00000000a0080000)
 PSPermGen       total 27136K, used 27105K [0x0000000096c00000, 0x0000000098680000, 0x000000009be00000)
  object space 27136K, 99% used [0x0000000096c00000,0x0000000098678780,0x0000000098680000)
Event: 2.901 GC heap after
Heap after GC invocations=6 (full 0):
 PSYoungGen      total 111616K, used 8640K [0x00000000dea00000, 0x00000000e6400000, 0x0000000100000000)
  eden space 102912K, 0% used [0x00000000dea00000,0x00000000dea00000,0x00000000e4e80000)
  from space 8704K, 99% used [0x00000000e5880000,0x00000000e60f02f8,0x00000000e6100000)
  to   space 10240K, 0% used [0x00000000e4e80000,0x00000000e4e80000,0x00000000e5880000)
 ParOldGen       total 68096K, used 5978K [0x000000009be00000, 0x00000000a0080000, 0x00000000dea00000)
  object space 68096K, 8% used [0x000000009be00000,0x000000009c3d6958,0x00000000a0080000)
 PSPermGen       total 27136K, used 27105K [0x0000000096c00000, 0x0000000098680000, 0x000000009be00000)
  object space 27136K, 99% used [0x0000000096c00000,0x0000000098678780,0x0000000098680000)
}
Event: 3.878 GC heap before
{Heap before GC invocations=7 (full 0):
 PSYoungGen      total 111616K, used 111552K [0x00000000dea00000, 0x00000000e6400000, 0x0000000100000000)
  eden space 102912K, 100% used [0x00000000dea00000,0x00000000e4e80000,0x00000000e4e80000)
  from space 8704K, 99% used [0x00000000e5880000,0x00000000e60f02f8,0x00000000e6100000)
  to   space 10240K, 0% used [0x00000000e4e80000,0x00000000e4e80000,0x00000000e5880000)
 ParOldGen       total 68096K, used 5978K [0x000000009be00000, 0x00000000a0080000, 0x00000000dea00000)
  object space 68096K, 8% used [0x000000009be00000,0x000000009c3d6958,0x00000000a0080000)
 PSPermGen       total 35840K, used 35373K [0x0000000096c00000, 0x0000000098f00000, 0x000000009be00000)
  object space 35840K, 98% used [0x0000000096c00000,0x0000000098e8b478,0x0000000098f00000)
Event: 3.908 GC heap after
Heap after GC invocations=7 (full 0):
 PSYoungGen      total 113152K, used 10230K [0x00000000dea00000, 0x00000000ece00000, 0x0000000100000000)
  eden space 102912K, 0% used [0x00000000dea00000,0x00000000dea00000,0x00000000e4e80000)
  from space 10240K, 99% used [0x00000000e4e80000,0x00000000e587da98,0x00000000e5880000)
  to   space 13824K, 0% used [0x00000000ec080000,0x00000000ec080000,0x00000000ece00000)
 ParOldGen       total 68096K, used 9454K [0x000000009be00000, 0x00000000a0080000, 0x00000000dea00000)
  object space 68096K, 13% used [0x000000009be00000,0x000000009c73ba38,0x00000000a0080000)
 PSPermGen       total 35840K, used 35373K [0x0000000096c00000, 0x0000000098f00000, 0x000000009be00000)
  object space 35840K, 98% used [0x0000000096c00000,0x0000000098e8b478,0x0000000098f00000)
}
Event: 5.022 GC heap before
{Heap before GC invocations=8 (full 0):
 PSYoungGen      total 113152K, used 113142K [0x00000000dea00000, 0x00000000ece00000, 0x0000000100000000)
  eden space 102912K, 100% used [0x00000000dea00000,0x00000000e4e80000,0x00000000e4e80000)
  from space 10240K, 99% used [0x00000000e4e80000,0x00000000e587da98,0x00000000e5880000)
  to   space 13824K, 0% used [0x00000000ec080000,0x00000000ec080000,0x00000000ece00000)
 ParOldGen       total 68096K, used 9454K [0x000000009be00000, 0x00000000a0080000, 0x00000000dea00000)
  object space 68096K, 13% used [0x000000009be00000,0x000000009c73ba38,0x00000000a0080000)
 PSPermGen       total 41984K, used 41974K [0x0000000096c00000, 0x0000000099500000, 0x000000009be00000)
  object space 41984K, 99% used [0x0000000096c00000,0x00000000994fdac8,0x0000000099500000)
Event: 5.039 GC heap after
Heap after GC invocations=8 (full 0):
 PSYoungGen      total 218624K, used 10176K [0x00000000dea00000, 0x00000000ed000000, 0x0000000100000000)
  eden space 204800K, 0% used [0x00000000dea00000,0x00000000dea00000,0x00000000eb200000)
  from space 13824K, 73% used [0x00000000ec080000,0x00000000eca70178,0x00000000ece00000)
  to   space 14848K, 0% used [0x00000000eb200000,0x00000000eb200000,0x00000000ec080000)
 ParOldGen       total 68096K, used 10950K [0x000000009be00000, 0x00000000a0080000, 0x00000000dea00000)
  object space 68096K, 16% used [0x000000009be00000,0x000000009c8b1a68,0x00000000a0080000)
 PSPermGen       total 41984K, used 41974K [0x0000000096c00000, 0x0000000099500000, 0x000000009be00000)
  object space 41984K, 99% used [0x0000000096c00000,0x00000000994fdac8,0x0000000099500000)
}
Event: 6.065 GC heap before
{Heap before GC invocations=9 (full 0):
 PSYoungGen      total 218624K, used 214976K [0x00000000dea00000, 0x00000000ed000000, 0x0000000100000000)
  eden space 204800K, 100% used [0x00000000dea00000,0x00000000eb200000,0x00000000eb200000)
  from space 13824K, 73% used [0x00000000ec080000,0x00000000eca70178,0x00000000ece00000)
  to   space 14848K, 0% used [0x00000000eb200000,0x00000000eb200000,0x00000000ec080000)
 ParOldGen       total 68096K, used 10950K [0x000000009be00000, 0x00000000a0080000, 0x00000000dea00000)
  object space 68096K, 16% used [0x000000009be00000,0x000000009c8b1a68,0x00000000a0080000)
 PSPermGen       total 44032K, used 43653K [0x0000000096c00000, 0x0000000099700000, 0x000000009be00000)
  object space 44032K, 99% used [0x0000000096c00000,0x00000000996a1580,0x0000000099700000)
Event: 6.093 GC heap after
Heap after GC invocations=9 (full 0):
 PSYoungGen      total 219648K, used 14829K [0x00000000dea00000, 0x00000000f5200000, 0x0000000100000000)
  eden space 204800K, 0% used [0x00000000dea00000,0x00000000dea00000,0x00000000eb200000)
  from space 14848K, 99% used [0x00000000eb200000,0x00000000ec07b7a0,0x00000000ec080000)
  to   space 20480K, 0% used [0x00000000f3e00000,0x00000000f3e00000,0x00000000f5200000)
 ParOldGen       total 68096K, used 19497K [0x000000009be00000, 0x00000000a0080000, 0x00000000dea00000)
  object space 68096K, 28% used [0x000000009be00000,0x000000009d10a4c0,0x00000000a0080000)
 PSPermGen       total 44032K, used 43653K [0x0000000096c00000, 0x0000000099700000, 0x000000009be00000)
  object space 44032K, 99% used [0x0000000096c00000,0x00000000996a1580,0x0000000099700000)
}
Event: 26.012 GC heap before
{Heap before GC invocations=10 (full 0):
 PSYoungGen      total 219648K, used 219629K [0x00000000dea00000, 0x00000000f5200000, 0x0000000100000000)
  eden space 204800K, 100% used [0x00000000dea00000,0x00000000eb200000,0x00000000eb200000)
  from space 14848K, 99% used [0x00000000eb200000,0x00000000ec07b7a0,0x00000000ec080000)
  to   space 20480K, 0% used [0x00000000f3e00000,0x00000000f3e00000,0x00000000f5200000)
 ParOldGen       total 68096K, used 19497K [0x000000009be00000, 0x00000000a0080000, 0x00000000dea00000)
  object space 68096K, 28% used [0x000000009be00000,0x000000009d10a4c0,0x00000000a0080000)
 PSPermGen       total 51712K, used 51602K [0x0000000096c00000, 0x0000000099e80000, 0x000000009be00000)
  object space 51712K, 99% used [0x0000000096c00000,0x0000000099e649b8,0x0000000099e80000)
Event: 26.156 GC heap after
Heap after GC invocations=10 (full 0):
 PSYoungGen      total 345600K, used 19512K [0x00000000dea00000, 0x00000000f5700000, 0x0000000100000000)
  eden space 325120K, 0% used [0x00000000dea00000,0x00000000dea00000,0x00000000f2780000)
  from space 20480K, 95% used [0x00000000f3e00000,0x00000000f510e238,0x00000000f5200000)
  to   space 23040K, 0% used [0x00000000f2780000,0x00000000f2780000,0x00000000f3e00000)
 ParOldGen       total 68096K, used 22626K [0x000000009be00000, 0x00000000a0080000, 0x00000000dea00000)
  object space 68096K, 33% used [0x000000009be00000,0x000000009d4188e0,0x00000000a0080000)
 PSPermGen       total 51712K, used 51602K [0x0000000096c00000, 0x0000000099e80000, 0x000000009be00000)
  object space 51712K, 99% used [0x0000000096c00000,0x0000000099e649b8,0x0000000099e80000)
}

