# JRE version: Java(TM) SE Runtime Environment (7.0_60-b19) (build 1.7.0_60-b19)
# Java VM: Java HotSpot(TM) 64-Bit Server VM (24.60-b09 mixed mode linux-amd64 compressed oops)
Heap
 PSYoungGen      total 349184K, used 277574K [0x00000000dea00000, 0x00000000f5300000, 0x0000000100000000)
  eden space 328704K, 80% used [0x00000000dea00000,0x00000000eecd8e20,0x00000000f2b00000)
  from space 20480K, 61% used [0x00000000f3f00000,0x00000000f4b38ae0,0x00000000f5300000)
  to   space 20480K, 0% used [0x00000000f2b00000,0x00000000f2b00000,0x00000000f3f00000)
 ParOldGen       total 68096K, used 23192K [0x000000009be00000, 0x00000000a0080000, 0x00000000dea00000)
  object space 68096K, 34% used [0x000000009be00000,0x000000009d4a61a8,0x00000000a0080000)
 PSPermGen       total 59392K, used 58889K [0x0000000096c00000, 0x000000009a600000, 0x000000009be00000)
  object space 59392K, 99% used [0x0000000096c00000,0x000000009a582698,0x000000009a600000)
GC Heap History (10 events):
Event: 2.668 GC heap before
{Heap before GC invocations=6 (full 0):
 PSYoungGen      total 56320K, used 56319K [0x00000000dea00000, 0x00000000e6100000, 0x0000000100000000)
  eden space 52224K, 100% used [0x00000000dea00000,0x00000000e1d00000,0x00000000e1d00000)
  from space 4096K, 99% used [0x00000000e1d00000,0x00000000e20fffa8,0x00000000e2100000)
  to   space 8704K, 0% used [0x00000000e5880000,0x00000000e5880000,0x00000000e6100000)
 ParOldGen       total 68096K, used 5969K [0x000000009be00000, 0x00000000a0080000, 0x00000000dea00000)
  object space 68096K, 8% used [0x000000009be00000,0x000000009c3d4418,0x00000000a0080000)
 PSPermGen       total 27136K, used 27042K [0x0000000096c00000, 0x0000000098680000, 0x000000009be00000)
  object space 27136K, 99% used [0x0000000096c00000,0x0000000098668ab8,0x0000000098680000)
Event: 2.680 GC heap after
Heap after GC invocations=6 (full 0):
 PSYoungGen      total 111616K, used 8567K [0x00000000dea00000, 0x00000000e6400000, 0x0000000100000000)
  eden space 102912K, 0% used [0x00000000dea00000,0x00000000dea00000,0x00000000e4e80000)
  from space 8704K, 98% used [0x00000000e5880000,0x00000000e60ddd80,0x00000000e6100000)
  to   space 10240K, 0% used [0x00000000e4e80000,0x00000000e4e80000,0x00000000e5880000)
 ParOldGen       total 68096K, used 5969K [0x000000009be00000, 0x00000000a0080000, 0x00000000dea00000)
  object space 68096K, 8% used [0x000000009be00000,0x000000009c3d4418,0x00000000a0080000)
 PSPermGen       total 27136K, used 27042K [0x0000000096c00000, 0x0000000098680000, 0x000000009be00000)
  object space 27136K, 99% used [0x0000000096c00000,0x0000000098668ab8,0x0000000098680000)
}
Event: 3.622 GC heap before
{Heap before GC invocations=7 (full 0):
 PSYoungGen      total 111616K, used 111479K [0x00000000dea00000, 0x00000000e6400000, 0x0000000100000000)
  eden space 102912K, 100% used [0x00000000dea00000,0x00000000e4e80000,0x00000000e4e80000)
  from space 8704K, 98% used [0x00000000e5880000,0x00000000e60ddd80,0x00000000e6100000)
  to   space 10240K, 0% used [0x00000000e4e80000,0x00000000e4e80000,0x00000000e5880000)
 ParOldGen       total 68096K, used 5969K [0x000000009be00000, 0x00000000a0080000, 0x00000000dea00000)
  object space 68096K, 8% used [0x000000009be00000,0x000000009c3d4418,0x00000000a0080000)
 PSPermGen       total 35328K, used 35163K [0x0000000096c00000, 0x0000000098e80000, 0x000000009be00000)
  object space 35328K, 99% used [0x0000000096c00000,0x0000000098e56f98,0x0000000098e80000)
Event: 3.639 GC heap after
Heap after GC invocations=7 (full 0):
 PSYoungGen      total 113152K, used 10226K [0x00000000dea00000, 0x00000000ece00000, 0x0000000100000000)
  eden space 102912K, 0% used [0x00000000dea00000,0x00000000dea00000,0x00000000e4e80000)
  from space 10240K, 99% used [0x00000000e4e80000,0x00000000e587cb00,0x00000000e5880000)
  to   space 13824K, 0% used [0x00000000ec080000,0x00000000ec080000,0x00000000ece00000)
 ParOldGen       total 68096K, used 9352K [0x000000009be00000, 0x00000000a0080000, 0x00000000dea00000)
  object space 68096K, 13% used [0x000000009be00000,0x000000009c7222f8,0x00000000a0080000)
 PSPermGen       total 35328K, used 35163K [0x0000000096c00000, 0x0000000098e80000, 0x000000009be00000)
  object space 35328K, 99% used [0x0000000096c00000,0x0000000098e56f98,0x0000000098e80000)
}
Event: 4.593 GC heap before
{Heap before GC invocations=8 (full 0):
 PSYoungGen      total 113152K, used 113138K [0x00000000dea00000, 0x00000000ece00000, 0x0000000100000000)
  eden space 102912K, 100% used [0x00000000dea00000,0x00000000e4e80000,0x00000000e4e80000)
  from space 10240K, 99% used [0x00000000e4e80000,0x00000000e587cb00,0x00000000e5880000)
  to   space 13824K, 0% used [0x00000000ec080000,0x00000000ec080000,0x00000000ece00000)
 ParOldGen       total 68096K, used 9352K [0x000000009be00000, 0x00000000a0080000, 0x00000000dea00000)
  object space 68096K, 13% used [0x000000009be00000,0x000000009c7222f8,0x00000000a0080000)
 PSPermGen       total 41984K, used 41865K [0x0000000096c00000, 0x0000000099500000, 0x000000009be00000)
  object space 41984K, 99% used [0x0000000096c00000,0x00000000994e2618,0x0000000099500000)
Event: 4.608 GC heap after
Heap after GC invocations=8 (full 0):
 PSYoungGen      total 219136K, used 10193K [0x00000000dea00000, 0x00000000ecf00000, 0x0000000100000000)
  eden space 205312K, 0% used [0x00000000dea00000,0x00000000dea00000,0x00000000eb280000)
  from space 13824K, 73% used [0x00000000ec080000,0x00000000eca745b0,0x00000000ece00000)
  to   space 14336K, 0% used [0x00000000eb280000,0x00000000eb280000,0x00000000ec080000)
 ParOldGen       total 68096K, used 10912K [0x000000009be00000, 0x00000000a0080000, 0x00000000dea00000)
  object space 68096K, 16% used [0x000000009be00000,0x000000009c8a8328,0x00000000a0080000)
 PSPermGen       total 41984K, used 41865K [0x0000000096c00000, 0x0000000099500000, 0x000000009be00000)
  object space 41984K, 99% used [0x0000000096c00000,0x00000000994e2618,0x0000000099500000)
}
Event: 5.589 GC heap before
{Heap before GC invocations=9 (full 0):
 PSYoungGen      total 219136K, used 212049K [0x00000000dea00000, 0x00000000ecf00000, 0x0000000100000000)
  eden space 205312K, 98% used [0x00000000dea00000,0x00000000eaf1fe78,0x00000000eb280000)
  from space 13824K, 73% used [0x00000000ec080000,0x00000000eca745b0,0x00000000ece00000)
  to   space 14336K, 0% used [0x00000000eb280000,0x00000000eb280000,0x00000000ec080000)
 ParOldGen       total 68096K, used 10912K [0x000000009be00000, 0x00000000a0080000, 0x00000000dea00000)
  object space 68096K, 16% used [0x000000009be00000,0x000000009c8a8328,0x00000000a0080000)
 PSPermGen       total 44032K, used 43657K [0x0000000096c00000, 0x0000000099700000, 0x000000009be00000)
  object space 44032K, 99% used [0x0000000096c00000,0x00000000996a2570,0x0000000099700000)
Event: 5.625 GC heap after
Heap after GC invocations=9 (full 0):
 PSYoungGen      total 219648K, used 14317K [0x00000000dea00000, 0x00000000f5300000, 0x0000000100000000)
  eden space 205312K, 0% used [0x00000000dea00000,0x00000000dea00000,0x00000000eb280000)
  from space 14336K, 99% used [0x00000000eb280000,0x00000000ec07b7a0,0x00000000ec080000)
  to   space 20480K, 0% used [0x00000000f3f00000,0x00000000f3f00000,0x00000000f5300000)
 ParOldGen       total 68096K, used 20063K [0x000000009be00000, 0x00000000a0080000, 0x00000000dea00000)
  object space 68096K, 29% used [0x000000009be00000,0x000000009d197da8,0x00000000a0080000)
 PSPermGen       total 44032K, used 43657K [0x0000000096c00000, 0x0000000099700000, 0x000000009be00000)
  object space 44032K, 99% used [0x0000000096c00000,0x00000000996a2570,0x0000000099700000)
}
Event: 19.323 GC heap before
{Heap before GC invocations=10 (full 0):
 PSYoungGen      total 219648K, used 219629K [0x00000000dea00000, 0x00000000f5300000, 0x0000000100000000)
  eden space 205312K, 100% used [0x00000000dea00000,0x00000000eb280000,0x00000000eb280000)
  from space 14336K, 99% used [0x00000000eb280000,0x00000000ec07b7a0,0x00000000ec080000)
  to   space 20480K, 0% used [0x00000000f3f00000,0x00000000f3f00000,0x00000000f5300000)
 ParOldGen       total 68096K, used 20063K [0x000000009be00000, 0x00000000a0080000, 0x00000000dea00000)
  object space 68096K, 29% used [0x000000009be00000,0x000000009d197da8,0x00000000a0080000)
 PSPermGen       total 45056K, used 44774K [0x0000000096c00000, 0x0000000099800000, 0x000000009be00000)
  object space 45056K, 99% used [0x0000000096c00000,0x00000000997b9810,0x0000000099800000)
Event: 19.337 GC heap after
Heap after GC invocations=10 (full 0):
 PSYoungGen      total 349184K, used 12514K [0x00000000dea00000, 0x00000000f5300000, 0x0000000100000000)
  eden space 328704K, 0% used [0x00000000dea00000,0x00000000dea00000,0x00000000f2b00000)
  from space 20480K, 61% used [0x00000000f3f00000,0x00000000f4b38ae0,0x00000000f5300000)
  to   space 20480K, 0% used [0x00000000f2b00000,0x00000000f2b00000,0x00000000f3f00000)
 ParOldGen       total 68096K, used 23192K [0x000000009be00000, 0x00000000a0080000, 0x00000000dea00000)
  object space 68096K, 34% used [0x000000009be00000,0x000000009d4a61a8,0x00000000a0080000)
 PSPermGen       total 45056K, used 44774K [0x0000000096c00000, 0x0000000099800000, 0x000000009be00000)
  object space 45056K, 99% used [0x0000000096c00000,0x00000000997b9810,0x0000000099800000)
}

