# JRE version: Java(TM) SE Runtime Environment (7.0_60-b19) (build 1.7.0_60-b19)
# Java VM: Java HotSpot(TM) 64-Bit Server VM (24.60-b09 mixed mode linux-amd64 compressed oops)
Heap
 PSYoungGen      total 336384K, used 98982K [0x00000000dea00000, 0x00000000f7280000, 0x0000000100000000)
  eden space 306688K, 32% used [0x00000000dea00000,0x00000000e4aa9950,0x00000000f1580000)
  from space 29696K, 0% used [0x00000000f4780000,0x00000000f4780000,0x00000000f6480000)
  to   space 14336K, 0% used [0x00000000f6480000,0x00000000f6480000,0x00000000f7280000)
 ParOldGen       total 194048K, used 111124K [0x000000009be00000, 0x00000000a7b80000, 0x00000000dea00000)
  object space 194048K, 57% used [0x000000009be00000,0x00000000a2a85008,0x00000000a7b80000)
 PSPermGen       total 83968K, used 57840K [0x0000000096c00000, 0x000000009be00000, 0x000000009be00000)
  object space 83968K, 68% used [0x0000000096c00000,0x000000009a47c1c8,0x000000009be00000)
GC Heap History (10 events):
Event: 76.649 GC heap before
{Heap before GC invocations=29 (full 0):
 PSYoungGen      total 372736K, used 372467K [0x00000000dea00000, 0x00000000fa500000, 0x0000000100000000)
  eden space 353280K, 100% used [0x00000000dea00000,0x00000000f4300000,0x00000000f4300000)
  from space 19456K, 98% used [0x00000000f9200000,0x00000000fa4bce18,0x00000000fa500000)
  to   space 33280K, 0% used [0x00000000f6400000,0x00000000f6400000,0x00000000f8480000)
 ParOldGen       total 68096K, used 57735K [0x000000009be00000, 0x00000000a0080000, 0x00000000dea00000)
  object space 68096K, 84% used [0x000000009be00000,0x000000009f661fb0,0x00000000a0080000)
 PSPermGen       total 52736K, used 52407K [0x0000000096c00000, 0x0000000099f80000, 0x000000009be00000)
  object space 52736K, 99% used [0x0000000096c00000,0x0000000099f2de00,0x0000000099f80000)
Event: 76.657 GC heap after
Heap after GC invocations=29 (full 0):
 PSYoungGen      total 346624K, used 9576K [0x00000000dea00000, 0x00000000f9280000, 0x0000000100000000)
  eden space 336896K, 0% used [0x00000000dea00000,0x00000000dea00000,0x00000000f3300000)
  from space 9728K, 98% used [0x00000000f6400000,0x00000000f6d5a378,0x00000000f6d80000)
  to   space 33280K, 0% used [0x00000000f7200000,0x00000000f7200000,0x00000000f9280000)
 ParOldGen       total 68096K, used 59703K [0x000000009be00000, 0x00000000a0080000, 0x00000000dea00000)
  object space 68096K, 87% used [0x000000009be00000,0x000000009f84dff0,0x00000000a0080000)
 PSPermGen       total 52736K, used 52407K [0x0000000096c00000, 0x0000000099f80000, 0x000000009be00000)
  object space 52736K, 99% used [0x0000000096c00000,0x0000000099f2de00,0x0000000099f80000)
}
Event: 80.580 GC heap before
{Heap before GC invocations=30 (full 0):
 PSYoungGen      total 346624K, used 340682K [0x00000000dea00000, 0x00000000f9280000, 0x0000000100000000)
  eden space 336896K, 98% used [0x00000000dea00000,0x00000000f2d586b8,0x00000000f3300000)
  from space 9728K, 98% used [0x00000000f6400000,0x00000000f6d5a378,0x00000000f6d80000)
  to   space 33280K, 0% used [0x00000000f7200000,0x00000000f7200000,0x00000000f9280000)
 ParOldGen       total 68096K, used 59703K [0x000000009be00000, 0x00000000a0080000, 0x00000000dea00000)
  object space 68096K, 87% used [0x000000009be00000,0x000000009f84dff0,0x00000000a0080000)
 PSPermGen       total 52736K, used 52563K [0x0000000096c00000, 0x0000000099f80000, 0x000000009be00000)
  object space 52736K, 99% used [0x0000000096c00000,0x0000000099f54c70,0x0000000099f80000)
Event: 80.610 GC heap after
Heap after GC invocations=30 (full 0):
 PSYoungGen      total 348672K, used 27023K [0x00000000dea00000, 0x00000000f8c80000, 0x0000000100000000)
  eden space 321536K, 0% used [0x00000000dea00000,0x00000000dea00000,0x00000000f2400000)
  from space 27136K, 99% used [0x00000000f7200000,0x00000000f8c63d88,0x00000000f8c80000)
  to   space 35328K, 0% used [0x00000000f4780000,0x00000000f4780000,0x00000000f6a00000)
 ParOldGen       total 137216K, used 129934K [0x000000009be00000, 0x00000000a4400000, 0x00000000dea00000)
  object space 137216K, 94% used [0x000000009be00000,0x00000000a3ce3ae8,0x00000000a4400000)
 PSPermGen       total 52736K, used 52563K [0x0000000096c00000, 0x0000000099f80000, 0x000000009be00000)
  object space 52736K, 99% used [0x0000000096c00000,0x0000000099f54c70,0x0000000099f80000)
}
Event: 80.610 GC heap before
{Heap before GC invocations=31 (full 1):
 PSYoungGen      total 348672K, used 27023K [0x00000000dea00000, 0x00000000f8c80000, 0x0000000100000000)
  eden space 321536K, 0% used [0x00000000dea00000,0x00000000dea00000,0x00000000f2400000)
  from space 27136K, 99% used [0x00000000f7200000,0x00000000f8c63d88,0x00000000f8c80000)
  to   space 35328K, 0% used [0x00000000f4780000,0x00000000f4780000,0x00000000f6a00000)
 ParOldGen       total 137216K, used 129934K [0x000000009be00000, 0x00000000a4400000, 0x00000000dea00000)
  object space 137216K, 94% used [0x000000009be00000,0x00000000a3ce3ae8,0x00000000a4400000)
 PSPermGen       total 52736K, used 52563K [0x0000000096c00000, 0x0000000099f80000, 0x000000009be00000)
  object space 52736K, 99% used [0x0000000096c00000,0x0000000099f54c70,0x0000000099f80000)
Event: 80.796 GC heap after
Heap after GC invocations=31 (full 1):
 PSYoungGen      total 348672K, used 0K [0x00000000dea00000, 0x00000000f8c80000, 0x0000000100000000)
  eden space 321536K, 0% used [0x00000000dea00000,0x00000000dea00000,0x00000000f2400000)
  from space 27136K, 0% used [0x00000000f7200000,0x00000000f7200000,0x00000000f8c80000)
  to   space 35328K, 0% used [0x00000000f4780000,0x00000000f4780000,0x00000000f6a00000)
 ParOldGen       total 183808K, used 128042K [0x000000009be00000, 0x00000000a7180000, 0x00000000dea00000)
  object space 183808K, 69% used [0x000000009be00000,0x00000000a3b0ab10,0x00000000a7180000)
 PSPermGen       total 83968K, used 52516K [0x0000000096c00000, 0x000000009be00000, 0x000000009be00000)
  object space 83968K, 62% used [0x0000000096c00000,0x0000000099f491d0,0x000000009be00000)
}
Event: 143.382 GC heap before
{Heap before GC invocations=32 (full 1):
 PSYoungGen      total 348672K, used 301983K [0x00000000dea00000, 0x00000000f8c80000, 0x0000000100000000)
  eden space 321536K, 93% used [0x00000000dea00000,0x00000000f10e7fd8,0x00000000f2400000)
  from space 27136K, 0% used [0x00000000f7200000,0x00000000f7200000,0x00000000f8c80000)
  to   space 35328K, 0% used [0x00000000f4780000,0x00000000f4780000,0x00000000f6a00000)
 ParOldGen       total 183808K, used 128042K [0x000000009be00000, 0x00000000a7180000, 0x00000000dea00000)
  object space 183808K, 69% used [0x000000009be00000,0x00000000a3b0ab10,0x00000000a7180000)
 PSPermGen       total 83968K, used 57841K [0x0000000096c00000, 0x000000009be00000, 0x000000009be00000)
  object space 83968K, 68% used [0x0000000096c00000,0x000000009a47c458,0x000000009be00000)
Event: 143.544 GC heap after
Heap after GC invocations=32 (full 1):
 PSYoungGen      total 336384K, used 29286K [0x00000000dea00000, 0x00000000f7280000, 0x0000000100000000)
  eden space 306688K, 0% used [0x00000000dea00000,0x00000000dea00000,0x00000000f1580000)
  from space 29696K, 98% used [0x00000000f4780000,0x00000000f6419888,0x00000000f6480000)
  to   space 14336K, 0% used [0x00000000f6480000,0x00000000f6480000,0x00000000f7280000)
 ParOldGen       total 232960K, used 216230K [0x000000009be00000, 0x00000000aa180000, 0x00000000dea00000)
  object space 232960K, 92% used [0x000000009be00000,0x00000000a9129bb0,0x00000000aa180000)
 PSPermGen       total 83968K, used 57841K [0x0000000096c00000, 0x000000009be00000, 0x000000009be00000)
  object space 83968K, 68% used [0x0000000096c00000,0x000000009a47c458,0x000000009be00000)
}
Event: 143.547 GC heap before
{Heap before GC invocations=33 (full 2):
 PSYoungGen      total 336384K, used 29286K [0x00000000dea00000, 0x00000000f7280000, 0x0000000100000000)
  eden space 306688K, 0% used [0x00000000dea00000,0x00000000dea00000,0x00000000f1580000)
  from space 29696K, 98% used [0x00000000f4780000,0x00000000f6419888,0x00000000f6480000)
  to   space 14336K, 0% used [0x00000000f6480000,0x00000000f6480000,0x00000000f7280000)
 ParOldGen       total 232960K, used 216230K [0x000000009be00000, 0x00000000aa180000, 0x00000000dea00000)
  object space 232960K, 92% used [0x000000009be00000,0x00000000a9129bb0,0x00000000aa180000)
 PSPermGen       total 83968K, used 57841K [0x0000000096c00000, 0x000000009be00000, 0x000000009be00000)
  object space 83968K, 68% used [0x0000000096c00000,0x000000009a47c458,0x000000009be00000)
Event: 143.666 GC heap after
Heap after GC invocations=33 (full 2):
 PSYoungGen      total 336384K, used 0K [0x00000000dea00000, 0x00000000f7280000, 0x0000000100000000)
  eden space 306688K, 0% used [0x00000000dea00000,0x00000000dea00000,0x00000000f1580000)
  from space 29696K, 0% used [0x00000000f4780000,0x00000000f4780000,0x00000000f6480000)
  to   space 14336K, 0% used [0x00000000f6480000,0x00000000f6480000,0x00000000f7280000)
 ParOldGen       total 194048K, used 111124K [0x000000009be00000, 0x00000000a7b80000, 0x00000000dea00000)
  object space 194048K, 57% used [0x000000009be00000,0x00000000a2a85008,0x00000000a7b80000)
 PSPermGen       total 83968K, used 57840K [0x0000000096c00000, 0x000000009be00000, 0x000000009be00000)
  object space 83968K, 68% used [0x0000000096c00000,0x000000009a47c1c8,0x000000009be00000)
}

